src/components/cards/CardsBrowser.tsx(200,33): error TS2322: Type '{ title: string; options: any[]; selectedIds: Set<string>; onSelectionChange: (newSet: any) => void; defaultOpen: boolean; }' is not assignable to type 'IntrinsicAttributes & SearchableAccordionProps'.
  Property 'selectedIds' does not exist on type 'IntrinsicAttributes & SearchableAccordionProps'.
src/components/cards/CardsBrowser.tsx(201,53): error TS7006: Parameter 'newSet' implicitly has an 'any' type.
src/components/cards/CardsBrowser.tsx(235,29): error TS2322: Type '{ id: string; label: string; }[]' is not assignable to type 'Option[]'.
  Property 'value' is missing in type '{ id: string; label: string; }' but required in type 'Option'.
src/components/cards/CardsBrowser.tsx(237,49): error TS7006: Parameter 'newSet' implicitly has an 'any' type.
src/components/cards/CardsBrowser.tsx(290,37): error TS2322: Type '{ currentPage: number; totalItems: number; pageSize: number; onPageChange: Dispatch<SetStateAction<number>>; }' is not assignable to type 'IntrinsicAttributes & PaginationProps'.
  Property 'currentPage' does not exist on type 'IntrinsicAttributes & PaginationProps'.
